<?xml version="1.0" encoding="UTF-8"?>
<!-- Generated by org.testng.reporters.JUnitReportReporter -->
<testsuite hostname="LAPTOP-MCJLI0KK" failures="0" tests="2" name="testNG.NewTest" time="0.013" errors="0" timestamp="2022-07-05T16:34:30 EDT" skipped="0">
  <testcase classname="testNG.NewTest" name="f1" time="0.009"/>
  <system-out/>
  <testcase classname="testNG.NewTest" name="f2" time="0.004"/>
  <system-out/>
</testsuite> <!-- testNG.NewTest -->
