<?xml version="1.0" encoding="UTF-8"?>
<!-- Generated by org.testng.reporters.JUnitReportReporter -->
<testsuite hostname="LAPTOP-MCJLI0KK" failures="0" tests="8" name="testNG.Groups" time="0.043" errors="0" timestamp="2022-07-12T15:17:08 EDT" skipped="0">
  <testcase classname="testNG.Groups" name="tc1" time="0.023"/>
  <system-out/>
  <testcase classname="testNG.Groups" name="tc4" time="0.004"/>
  <system-out/>
  <testcase classname="testNG.Groups" name="tc5" time="0.002"/>
  <system-out/>
  <testcase classname="testNG.Groups" name="tc6" time="0.002"/>
  <system-out/>
  <testcase classname="testNG.Groups" name="tc8" time="0.002"/>
  <system-out/>
  <testcase classname="testNG.Groups" name="tc3" time="0.002"/>
  <system-out/>
  <testcase classname="testNG.Groups" name="tc7" time="0.006"/>
  <system-out/>
  <testcase classname="testNG.Groups" name="tc2" time="0.002"/>
  <system-out/>
</testsuite> <!-- testNG.Groups -->
