<?xml version="1.0" encoding="UTF-8"?>
<!-- Generated by org.testng.reporters.JUnitReportReporter -->
<testsuite hostname="LAPTOP-MCJLI0KK" failures="0" tests="2" name="testNG.DataProviderr" time="0.012" errors="0" timestamp="2022-07-04T18:34:32 EDT" skipped="0">
  <testcase classname="testNG.DataProviderr" name="retriveData" time="0.010"/>
  <system-out/>
  <testcase classname="testNG.DataProviderr" name="retriveData" time="0.002"/>
  <system-out/>
</testsuite> <!-- testNG.DataProviderr -->
