<?xml version="1.0" encoding="UTF-8"?>
<!-- Generated by org.testng.reporters.JUnitReportReporter -->
<testsuite hostname="LAPTOP-MCJLI0KK" failures="0" tests="1" name="extentreports.Login" time="0.927" errors="0" timestamp="2022-07-14T13:21:26 EDT" skipped="0">
  <testcase classname="extentreports.Login" name="LoginTest" time="0.927"/>
  <system-out/>
</testsuite> <!-- extentreports.Login -->
