<?xml version="1.0" encoding="UTF-8"?>
<!-- Generated by org.testng.reporters.JUnitReportReporter -->
<testsuite hostname="LAPTOP-MCJLI0KK" failures="0" tests="4" name="testNG.GroupsinTestng" time="0.016" errors="0" timestamp="2022-07-12T15:37:57 EDT" skipped="0">
  <testcase classname="testNG.GroupsinTestng" name="tc3" time="0.002"/>
  <system-out/>
  <testcase classname="testNG.GroupsinTestng" name="tc5" time="0.002"/>
  <system-out/>
  <testcase classname="testNG.GroupsinTestng" name="tc2" time="0.001"/>
  <system-out/>
  <testcase classname="testNG.GroupsinTestng" name="tc1" time="0.011"/>
  <system-out/>
</testsuite> <!-- testNG.GroupsinTestng -->
