<?xml version="1.0" encoding="UTF-8"?>
<!-- Generated by org.testng.reporters.JUnitReportReporter -->
<testsuite hostname="LAPTOP-MCJLI0KK" failures="0" tests="3" name="testNG.depons" time="1.147" errors="0" timestamp="2022-07-03T19:48:12 EDT" skipped="0">
  <testcase classname="testNG.depons" name="loadingpage" time="0.023"/>
  <system-out/>
  <testcase classname="testNG.depons" name="clickoncreate" time="0.097"/>
  <system-out/>
  <testcase classname="testNG.depons" name="loginpage" time="1.027"/>
  <system-out/>
</testsuite> <!-- testNG.depons -->
